<?xml version="1.0" encoding="UTF-8"?>
<robot generator="Robot 5.0.1 (Python 3.10.6 on win32)" generated="20221013 10:51:49.945" rpa="false" schemaversion="3">
<suite id="s1" name="Teste" source="C:\Automacao\Prime\Integration test plans\teste.robot">
<test id="s1-t1" name="Teste 1" line="15">
<kw name="Validação 1">
<kw name="Set Variable" library="BuiltIn">
<var>${test_case}</var>
<arg>44415</arg>
<doc>Returns the given values which can then be assigned to a variables.</doc>
<msg timestamp="20221013 10:51:50.088" level="INFO">${test_case} = 44415</msg>
<status status="PASS" starttime="20221013 10:51:50.088" endtime="20221013 10:51:50.088"/>
</kw>
<kw name="Set Suite Variable" library="BuiltIn">
<arg>${test_case}</arg>
<doc>Makes a variable available everywhere within the scope of the current suite.</doc>
<msg timestamp="20221013 10:51:50.089" level="INFO">${test_case} = 44415</msg>
<status status="PASS" starttime="20221013 10:51:50.088" endtime="20221013 10:51:50.089"/>
</kw>
<if>
<branch type="IF" condition="$teste_validacao.lower() == 'nok'">
<kw name="Log" library="BuiltIn">
<arg>TEST OK</arg>
<doc>Logs the given message with the given level.</doc>
<status status="NOT RUN" starttime="20221013 10:51:50.093" endtime="20221013 10:51:50.093"/>
</kw>
<status status="NOT RUN" starttime="20221013 10:51:50.093" endtime="20221013 10:51:50.093"/>
</branch>
<branch type="ELSE">
<kw name="Fail" library="BuiltIn">
<doc>Fails the test with the given message and optionally alters its tags.</doc>
<msg timestamp="20221013 10:51:50.094" level="FAIL">AssertionError</msg>
<status status="FAIL" starttime="20221013 10:51:50.093" endtime="20221013 10:51:50.094"/>
</kw>
<status status="FAIL" starttime="20221013 10:51:50.093" endtime="20221013 10:51:50.094"/>
</branch>
<status status="FAIL" starttime="20221013 10:51:50.089" endtime="20221013 10:51:50.094"/>
</if>
<status status="FAIL" starttime="20221013 10:51:50.087" endtime="20221013 10:51:50.095"/>
</kw>
<kw name="Atualizar teste no Test Plans" type="TEARDOWN">
<arg>${planId}</arg>
<arg>${suiteId}</arg>
<arg>${test_case}</arg>
<kw name="Efetuar lista de testes">
<arg>${planId}</arg>
<arg>${suiteId}</arg>
<kw name="List Tests" library="azure_finder">
<var>${cases}</var>
<arg>${planId}</arg>
<arg>${suiteId}</arg>
<msg timestamp="20221013 10:51:50.302" level="INFO">${cases} = [{'id': '44415', 'point': 12508, 'suite': 44267}, {'id': '44416', 'point': 12509, 'suite': 44267}, {'id': '44417', 'point': 12510, 'suite': 44267}, {'id': '44418', 'point': 12511, 'suite': 44267}, {'i...</msg>
<status status="PASS" starttime="20221013 10:51:50.099" endtime="20221013 10:51:50.302"/>
</kw>
<kw name="Set Suite Variable" library="BuiltIn">
<arg>${cases}</arg>
<doc>Makes a variable available everywhere within the scope of the current suite.</doc>
<msg timestamp="20221013 10:51:50.302" level="INFO">${cases} = [{'id': '44415', 'point': 12508, 'suite': 44267}, {'id': '44416', 'point': 12509, 'suite': 44267}, {'id': '44417', 'point': 12510, 'suite': 44267}, {'id': '44418', 'point': 12511, 'suite': 44267}, {'i...</msg>
<status status="PASS" starttime="20221013 10:51:50.302" endtime="20221013 10:51:50.302"/>
</kw>
<status status="PASS" starttime="20221013 10:51:50.098" endtime="20221013 10:51:50.302"/>
</kw>
<kw name="Criar Json com base da lista de testes retornada">
<kw name="Convert To String" library="BuiltIn">
<var>${cases_string}</var>
<arg>${cases}</arg>
<doc>Converts the given item to a Unicode string.</doc>
<msg timestamp="20221013 10:51:50.303" level="INFO">${cases_string} = [{'id': '44415', 'point': 12508, 'suite': 44267}, {'id': '44416', 'point': 12509, 'suite': 44267}, {'id': '44417', 'point': 12510, 'suite': 44267}, {'id': '44418', 'point': 12511, 'suite': 44267}, {'i...</msg>
<status status="PASS" starttime="20221013 10:51:50.303" endtime="20221013 10:51:50.303"/>
</kw>
<kw name="Replace String" library="String">
<var>${cases_string_formatado}</var>
<arg>${cases_string}</arg>
<arg>'</arg>
<arg>"</arg>
<doc>Replaces ``search_for`` in the given ``string`` with ``replace_with``.</doc>
<msg timestamp="20221013 10:51:50.303" level="INFO">${cases_string_formatado} = [{"id": "44415", "point": 12508, "suite": 44267}, {"id": "44416", "point": 12509, "suite": 44267}, {"id": "44417", "point": 12510, "suite": 44267}, {"id": "44418", "point": 12511, "suite": 44267}, {"i...</msg>
<status status="PASS" starttime="20221013 10:51:50.303" endtime="20221013 10:51:50.303"/>
</kw>
<kw name="Gerar Json" library="azure_finder">
<arg>json_recebido</arg>
<arg>${cases_string_formatado}</arg>
<arg>${EXECDIR}</arg>
<status status="PASS" starttime="20221013 10:51:50.303" endtime="20221013 10:51:50.306"/>
</kw>
<status status="PASS" starttime="20221013 10:51:50.303" endtime="20221013 10:51:50.307"/>
</kw>
<kw name="Efetuar GET do test_id referente o teste case">
<var>${test_id}</var>
<arg>${test_case}</arg>
<kw name="Pegar Valor De Test Id Do Json" library="azure_finder">
<var>${test_id}</var>
<arg>${test_case}</arg>
<msg timestamp="20221013 10:51:50.308" level="INFO">${test_id} = 12508</msg>
<status status="PASS" starttime="20221013 10:51:50.308" endtime="20221013 10:51:50.308"/>
</kw>
<kw name="Log To Console" library="BuiltIn">
<arg>test_id: ${test_id}</arg>
<doc>Logs the given message to the console.</doc>
<status status="PASS" starttime="20221013 10:51:50.308" endtime="20221013 10:51:50.309"/>
</kw>
<kw name="Set Suite Variable" library="BuiltIn">
<arg>${test_id}</arg>
<doc>Makes a variable available everywhere within the scope of the current suite.</doc>
<msg timestamp="20221013 10:51:50.310" level="INFO">${test_id} = 12508</msg>
<status status="PASS" starttime="20221013 10:51:50.309" endtime="20221013 10:51:50.310"/>
</kw>
<kw name="Set Suite Variable" library="BuiltIn">
<arg>${test_case}</arg>
<doc>Makes a variable available everywhere within the scope of the current suite.</doc>
<msg timestamp="20221013 10:51:50.310" level="INFO">${test_case} = 44415</msg>
<status status="PASS" starttime="20221013 10:51:50.310" endtime="20221013 10:51:50.310"/>
</kw>
<kw name="Atualizando de fato o test plans">
<kw name="Log To Console" library="BuiltIn">
<arg>Resultado desse teste foi: ${TEST_STATUS}</arg>
<doc>Logs the given message to the console.</doc>
<status status="PASS" starttime="20221013 10:51:50.310" endtime="20221013 10:51:50.311"/>
</kw>
<if>
<branch type="IF" condition="$TEST_STATUS == 'FAIL'">
<kw name="Fail Test" library="azure_finder">
<arg>${planId}</arg>
<arg>${suiteId}</arg>
<arg>${test_id}</arg>
<status status="PASS" starttime="20221013 10:51:50.311" endtime="20221013 10:51:50.811"/>
</kw>
<status status="PASS" starttime="20221013 10:51:50.311" endtime="20221013 10:51:50.811"/>
</branch>
<branch type="ELSE">
<kw name="Pass Test" library="azure_finder">
<arg>${planId}</arg>
<arg>${suiteId}</arg>
<arg>${test_id}</arg>
<status status="NOT RUN" starttime="20221013 10:51:50.811" endtime="20221013 10:51:50.811"/>
</kw>
<status status="NOT RUN" starttime="20221013 10:51:50.811" endtime="20221013 10:51:50.811"/>
</branch>
<status status="PASS" starttime="20221013 10:51:50.311" endtime="20221013 10:51:50.811"/>
</if>
<status status="PASS" starttime="20221013 10:51:50.310" endtime="20221013 10:51:50.812"/>
</kw>
<msg timestamp="20221013 10:51:50.812" level="INFO">${test_id} = None</msg>
<status status="PASS" starttime="20221013 10:51:50.307" endtime="20221013 10:51:50.812"/>
</kw>
<status status="PASS" starttime="20221013 10:51:50.097" endtime="20221013 10:51:50.812"/>
</kw>
<status status="FAIL" starttime="20221013 10:51:50.086" endtime="20221013 10:51:50.812">AssertionError</status>
</test>
<test id="s1-t2" name="Teste 2" line="18">
<kw name="Validação 2">
<kw name="Set Variable" library="BuiltIn">
<var>${test_case}</var>
<arg>44416</arg>
<doc>Returns the given values which can then be assigned to a variables.</doc>
<msg timestamp="20221013 10:51:50.815" level="INFO">${test_case} = 44416</msg>
<status status="PASS" starttime="20221013 10:51:50.815" endtime="20221013 10:51:50.815"/>
</kw>
<kw name="Set Suite Variable" library="BuiltIn">
<arg>${test_case}</arg>
<doc>Makes a variable available everywhere within the scope of the current suite.</doc>
<msg timestamp="20221013 10:51:50.816" level="INFO">${test_case} = 44416</msg>
<status status="PASS" starttime="20221013 10:51:50.816" endtime="20221013 10:51:50.816"/>
</kw>
<if>
<branch type="IF" condition="$teste_validacao.lower() == 'nok'">
<kw name="Log" library="BuiltIn">
<arg>TEST OK</arg>
<doc>Logs the given message with the given level.</doc>
<status status="NOT RUN" starttime="20221013 10:51:50.817" endtime="20221013 10:51:50.817"/>
</kw>
<status status="NOT RUN" starttime="20221013 10:51:50.817" endtime="20221013 10:51:50.817"/>
</branch>
<branch type="ELSE">
<kw name="Fail" library="BuiltIn">
<doc>Fails the test with the given message and optionally alters its tags.</doc>
<msg timestamp="20221013 10:51:50.818" level="FAIL">AssertionError</msg>
<status status="FAIL" starttime="20221013 10:51:50.817" endtime="20221013 10:51:50.818"/>
</kw>
<status status="FAIL" starttime="20221013 10:51:50.817" endtime="20221013 10:51:50.818"/>
</branch>
<status status="FAIL" starttime="20221013 10:51:50.816" endtime="20221013 10:51:50.818"/>
</if>
<status status="FAIL" starttime="20221013 10:51:50.815" endtime="20221013 10:51:50.818"/>
</kw>
<kw name="Atualizar teste no Test Plans" type="TEARDOWN">
<arg>${planId}</arg>
<arg>${suiteId}</arg>
<arg>${test_case}</arg>
<kw name="Efetuar lista de testes">
<arg>${planId}</arg>
<arg>${suiteId}</arg>
<kw name="List Tests" library="azure_finder">
<var>${cases}</var>
<arg>${planId}</arg>
<arg>${suiteId}</arg>
<msg timestamp="20221013 10:51:51.014" level="INFO">${cases} = [{'id': '44415', 'point': 12508, 'suite': 44267}, {'id': '44416', 'point': 12509, 'suite': 44267}, {'id': '44417', 'point': 12510, 'suite': 44267}, {'id': '44418', 'point': 12511, 'suite': 44267}, {'i...</msg>
<status status="PASS" starttime="20221013 10:51:50.820" endtime="20221013 10:51:51.014"/>
</kw>
<kw name="Set Suite Variable" library="BuiltIn">
<arg>${cases}</arg>
<doc>Makes a variable available everywhere within the scope of the current suite.</doc>
<msg timestamp="20221013 10:51:51.015" level="INFO">${cases} = [{'id': '44415', 'point': 12508, 'suite': 44267}, {'id': '44416', 'point': 12509, 'suite': 44267}, {'id': '44417', 'point': 12510, 'suite': 44267}, {'id': '44418', 'point': 12511, 'suite': 44267}, {'i...</msg>
<status status="PASS" starttime="20221013 10:51:51.014" endtime="20221013 10:51:51.015"/>
</kw>
<status status="PASS" starttime="20221013 10:51:50.820" endtime="20221013 10:51:51.015"/>
</kw>
<kw name="Criar Json com base da lista de testes retornada">
<kw name="Convert To String" library="BuiltIn">
<var>${cases_string}</var>
<arg>${cases}</arg>
<doc>Converts the given item to a Unicode string.</doc>
<msg timestamp="20221013 10:51:51.015" level="INFO">${cases_string} = [{'id': '44415', 'point': 12508, 'suite': 44267}, {'id': '44416', 'point': 12509, 'suite': 44267}, {'id': '44417', 'point': 12510, 'suite': 44267}, {'id': '44418', 'point': 12511, 'suite': 44267}, {'i...</msg>
<status status="PASS" starttime="20221013 10:51:51.015" endtime="20221013 10:51:51.016"/>
</kw>
<kw name="Replace String" library="String">
<var>${cases_string_formatado}</var>
<arg>${cases_string}</arg>
<arg>'</arg>
<arg>"</arg>
<doc>Replaces ``search_for`` in the given ``string`` with ``replace_with``.</doc>
<msg timestamp="20221013 10:51:51.016" level="INFO">${cases_string_formatado} = [{"id": "44415", "point": 12508, "suite": 44267}, {"id": "44416", "point": 12509, "suite": 44267}, {"id": "44417", "point": 12510, "suite": 44267}, {"id": "44418", "point": 12511, "suite": 44267}, {"i...</msg>
<status status="PASS" starttime="20221013 10:51:51.016" endtime="20221013 10:51:51.016"/>
</kw>
<kw name="Gerar Json" library="azure_finder">
<arg>json_recebido</arg>
<arg>${cases_string_formatado}</arg>
<arg>${EXECDIR}</arg>
<status status="PASS" starttime="20221013 10:51:51.016" endtime="20221013 10:51:51.019"/>
</kw>
<status status="PASS" starttime="20221013 10:51:51.015" endtime="20221013 10:51:51.019"/>
</kw>
<kw name="Efetuar GET do test_id referente o teste case">
<var>${test_id}</var>
<arg>${test_case}</arg>
<kw name="Pegar Valor De Test Id Do Json" library="azure_finder">
<var>${test_id}</var>
<arg>${test_case}</arg>
<msg timestamp="20221013 10:51:51.020" level="INFO">${test_id} = 12509</msg>
<status status="PASS" starttime="20221013 10:51:51.019" endtime="20221013 10:51:51.020"/>
</kw>
<kw name="Log To Console" library="BuiltIn">
<arg>test_id: ${test_id}</arg>
<doc>Logs the given message to the console.</doc>
<status status="PASS" starttime="20221013 10:51:51.020" endtime="20221013 10:51:51.020"/>
</kw>
<kw name="Set Suite Variable" library="BuiltIn">
<arg>${test_id}</arg>
<doc>Makes a variable available everywhere within the scope of the current suite.</doc>
<msg timestamp="20221013 10:51:51.021" level="INFO">${test_id} = 12509</msg>
<status status="PASS" starttime="20221013 10:51:51.020" endtime="20221013 10:51:51.021"/>
</kw>
<kw name="Set Suite Variable" library="BuiltIn">
<arg>${test_case}</arg>
<doc>Makes a variable available everywhere within the scope of the current suite.</doc>
<msg timestamp="20221013 10:51:51.021" level="INFO">${test_case} = 44416</msg>
<status status="PASS" starttime="20221013 10:51:51.021" endtime="20221013 10:51:51.021"/>
</kw>
<kw name="Atualizando de fato o test plans">
<kw name="Log To Console" library="BuiltIn">
<arg>Resultado desse teste foi: ${TEST_STATUS}</arg>
<doc>Logs the given message to the console.</doc>
<status status="PASS" starttime="20221013 10:51:51.021" endtime="20221013 10:51:51.022"/>
</kw>
<if>
<branch type="IF" condition="$TEST_STATUS == 'FAIL'">
<kw name="Fail Test" library="azure_finder">
<arg>${planId}</arg>
<arg>${suiteId}</arg>
<arg>${test_id}</arg>
<status status="PASS" starttime="20221013 10:51:51.022" endtime="20221013 10:51:51.694"/>
</kw>
<status status="PASS" starttime="20221013 10:51:51.022" endtime="20221013 10:51:51.694"/>
</branch>
<branch type="ELSE">
<kw name="Pass Test" library="azure_finder">
<arg>${planId}</arg>
<arg>${suiteId}</arg>
<arg>${test_id}</arg>
<status status="NOT RUN" starttime="20221013 10:51:51.694" endtime="20221013 10:51:51.694"/>
</kw>
<status status="NOT RUN" starttime="20221013 10:51:51.694" endtime="20221013 10:51:51.694"/>
</branch>
<status status="PASS" starttime="20221013 10:51:51.022" endtime="20221013 10:51:51.694"/>
</if>
<status status="PASS" starttime="20221013 10:51:51.021" endtime="20221013 10:51:51.695"/>
</kw>
<msg timestamp="20221013 10:51:51.695" level="INFO">${test_id} = None</msg>
<status status="PASS" starttime="20221013 10:51:51.019" endtime="20221013 10:51:51.695"/>
</kw>
<status status="PASS" starttime="20221013 10:51:50.819" endtime="20221013 10:51:51.695"/>
</kw>
<status status="FAIL" starttime="20221013 10:51:50.814" endtime="20221013 10:51:51.695">AssertionError</status>
</test>
<test id="s1-t3" name="Teste 3" line="21">
<kw name="Validação 3">
<kw name="Set Variable" library="BuiltIn">
<var>${test_case}</var>
<arg>44417</arg>
<doc>Returns the given values which can then be assigned to a variables.</doc>
<msg timestamp="20221013 10:51:51.699" level="INFO">${test_case} = 44417</msg>
<status status="PASS" starttime="20221013 10:51:51.698" endtime="20221013 10:51:51.699"/>
</kw>
<kw name="Set Suite Variable" library="BuiltIn">
<arg>${test_case}</arg>
<doc>Makes a variable available everywhere within the scope of the current suite.</doc>
<msg timestamp="20221013 10:51:51.699" level="INFO">${test_case} = 44417</msg>
<status status="PASS" starttime="20221013 10:51:51.699" endtime="20221013 10:51:51.699"/>
</kw>
<if>
<branch type="IF" condition="$teste_validacao.lower() == 'ok'">
<kw name="Log" library="BuiltIn">
<arg>TEST OK</arg>
<doc>Logs the given message with the given level.</doc>
<msg timestamp="20221013 10:51:51.700" level="INFO">TEST OK</msg>
<status status="PASS" starttime="20221013 10:51:51.700" endtime="20221013 10:51:51.700"/>
</kw>
<status status="PASS" starttime="20221013 10:51:51.700" endtime="20221013 10:51:51.700"/>
</branch>
<branch type="ELSE">
<kw name="Fail" library="BuiltIn">
<doc>Fails the test with the given message and optionally alters its tags.</doc>
<status status="NOT RUN" starttime="20221013 10:51:51.700" endtime="20221013 10:51:51.700"/>
</kw>
<status status="NOT RUN" starttime="20221013 10:51:51.700" endtime="20221013 10:51:51.700"/>
</branch>
<status status="PASS" starttime="20221013 10:51:51.700" endtime="20221013 10:51:51.700"/>
</if>
<status status="PASS" starttime="20221013 10:51:51.698" endtime="20221013 10:51:51.700"/>
</kw>
<kw name="Atualizar teste no Test Plans" type="TEARDOWN">
<arg>${planId}</arg>
<arg>${suiteId}</arg>
<arg>${test_case}</arg>
<kw name="Efetuar lista de testes">
<arg>${planId}</arg>
<arg>${suiteId}</arg>
<kw name="List Tests" library="azure_finder">
<var>${cases}</var>
<arg>${planId}</arg>
<arg>${suiteId}</arg>
<msg timestamp="20221013 10:51:51.956" level="INFO">${cases} = [{'id': '44415', 'point': 12508, 'suite': 44267}, {'id': '44416', 'point': 12509, 'suite': 44267}, {'id': '44417', 'point': 12510, 'suite': 44267}, {'id': '44418', 'point': 12511, 'suite': 44267}, {'i...</msg>
<status status="PASS" starttime="20221013 10:51:51.702" endtime="20221013 10:51:51.956"/>
</kw>
<kw name="Set Suite Variable" library="BuiltIn">
<arg>${cases}</arg>
<doc>Makes a variable available everywhere within the scope of the current suite.</doc>
<msg timestamp="20221013 10:51:51.957" level="INFO">${cases} = [{'id': '44415', 'point': 12508, 'suite': 44267}, {'id': '44416', 'point': 12509, 'suite': 44267}, {'id': '44417', 'point': 12510, 'suite': 44267}, {'id': '44418', 'point': 12511, 'suite': 44267}, {'i...</msg>
<status status="PASS" starttime="20221013 10:51:51.957" endtime="20221013 10:51:51.957"/>
</kw>
<status status="PASS" starttime="20221013 10:51:51.701" endtime="20221013 10:51:51.957"/>
</kw>
<kw name="Criar Json com base da lista de testes retornada">
<kw name="Convert To String" library="BuiltIn">
<var>${cases_string}</var>
<arg>${cases}</arg>
<doc>Converts the given item to a Unicode string.</doc>
<msg timestamp="20221013 10:51:51.959" level="INFO">${cases_string} = [{'id': '44415', 'point': 12508, 'suite': 44267}, {'id': '44416', 'point': 12509, 'suite': 44267}, {'id': '44417', 'point': 12510, 'suite': 44267}, {'id': '44418', 'point': 12511, 'suite': 44267}, {'i...</msg>
<status status="PASS" starttime="20221013 10:51:51.957" endtime="20221013 10:51:51.959"/>
</kw>
<kw name="Replace String" library="String">
<var>${cases_string_formatado}</var>
<arg>${cases_string}</arg>
<arg>'</arg>
<arg>"</arg>
<doc>Replaces ``search_for`` in the given ``string`` with ``replace_with``.</doc>
<msg timestamp="20221013 10:51:51.959" level="INFO">${cases_string_formatado} = [{"id": "44415", "point": 12508, "suite": 44267}, {"id": "44416", "point": 12509, "suite": 44267}, {"id": "44417", "point": 12510, "suite": 44267}, {"id": "44418", "point": 12511, "suite": 44267}, {"i...</msg>
<status status="PASS" starttime="20221013 10:51:51.959" endtime="20221013 10:51:51.959"/>
</kw>
<kw name="Gerar Json" library="azure_finder">
<arg>json_recebido</arg>
<arg>${cases_string_formatado}</arg>
<arg>${EXECDIR}</arg>
<status status="PASS" starttime="20221013 10:51:51.959" endtime="20221013 10:51:51.963"/>
</kw>
<status status="PASS" starttime="20221013 10:51:51.957" endtime="20221013 10:51:51.963"/>
</kw>
<kw name="Efetuar GET do test_id referente o teste case">
<var>${test_id}</var>
<arg>${test_case}</arg>
<kw name="Pegar Valor De Test Id Do Json" library="azure_finder">
<var>${test_id}</var>
<arg>${test_case}</arg>
<msg timestamp="20221013 10:51:51.964" level="INFO">${test_id} = 12510</msg>
<status status="PASS" starttime="20221013 10:51:51.963" endtime="20221013 10:51:51.964"/>
</kw>
<kw name="Log To Console" library="BuiltIn">
<arg>test_id: ${test_id}</arg>
<doc>Logs the given message to the console.</doc>
<status status="PASS" starttime="20221013 10:51:51.964" endtime="20221013 10:51:51.964"/>
</kw>
<kw name="Set Suite Variable" library="BuiltIn">
<arg>${test_id}</arg>
<doc>Makes a variable available everywhere within the scope of the current suite.</doc>
<msg timestamp="20221013 10:51:51.965" level="INFO">${test_id} = 12510</msg>
<status status="PASS" starttime="20221013 10:51:51.965" endtime="20221013 10:51:51.965"/>
</kw>
<kw name="Set Suite Variable" library="BuiltIn">
<arg>${test_case}</arg>
<doc>Makes a variable available everywhere within the scope of the current suite.</doc>
<msg timestamp="20221013 10:51:51.965" level="INFO">${test_case} = 44417</msg>
<status status="PASS" starttime="20221013 10:51:51.965" endtime="20221013 10:51:51.965"/>
</kw>
<kw name="Atualizando de fato o test plans">
<kw name="Log To Console" library="BuiltIn">
<arg>Resultado desse teste foi: ${TEST_STATUS}</arg>
<doc>Logs the given message to the console.</doc>
<status status="PASS" starttime="20221013 10:51:51.966" endtime="20221013 10:51:51.966"/>
</kw>
<if>
<branch type="IF" condition="$TEST_STATUS == 'FAIL'">
<kw name="Fail Test" library="azure_finder">
<arg>${planId}</arg>
<arg>${suiteId}</arg>
<arg>${test_id}</arg>
<status status="NOT RUN" starttime="20221013 10:51:51.966" endtime="20221013 10:51:51.966"/>
</kw>
<status status="NOT RUN" starttime="20221013 10:51:51.966" endtime="20221013 10:51:51.966"/>
</branch>
<branch type="ELSE">
<kw name="Pass Test" library="azure_finder">
<arg>${planId}</arg>
<arg>${suiteId}</arg>
<arg>${test_id}</arg>
<status status="PASS" starttime="20221013 10:51:51.966" endtime="20221013 10:51:52.641"/>
</kw>
<status status="PASS" starttime="20221013 10:51:51.966" endtime="20221013 10:51:52.641"/>
</branch>
<status status="PASS" starttime="20221013 10:51:51.966" endtime="20221013 10:51:52.641"/>
</if>
<status status="PASS" starttime="20221013 10:51:51.965" endtime="20221013 10:51:52.641"/>
</kw>
<msg timestamp="20221013 10:51:52.641" level="INFO">${test_id} = None</msg>
<status status="PASS" starttime="20221013 10:51:51.963" endtime="20221013 10:51:52.641"/>
</kw>
<status status="PASS" starttime="20221013 10:51:51.701" endtime="20221013 10:51:52.641"/>
</kw>
<status status="PASS" starttime="20221013 10:51:51.697" endtime="20221013 10:51:52.642"/>
</test>
<test id="s1-t4" name="Teste 4" line="24">
<kw name="Validação 4">
<kw name="Set Variable" library="BuiltIn">
<var>${test_case}</var>
<arg>44418</arg>
<doc>Returns the given values which can then be assigned to a variables.</doc>
<msg timestamp="20221013 10:51:52.644" level="INFO">${test_case} = 44418</msg>
<status status="PASS" starttime="20221013 10:51:52.644" endtime="20221013 10:51:52.644"/>
</kw>
<kw name="Set Suite Variable" library="BuiltIn">
<arg>${test_case}</arg>
<doc>Makes a variable available everywhere within the scope of the current suite.</doc>
<msg timestamp="20221013 10:51:52.645" level="INFO">${test_case} = 44418</msg>
<status status="PASS" starttime="20221013 10:51:52.644" endtime="20221013 10:51:52.645"/>
</kw>
<if>
<branch type="IF" condition="$teste_validacao.lower() == 'ok'">
<kw name="Log" library="BuiltIn">
<arg>TEST OK</arg>
<doc>Logs the given message with the given level.</doc>
<msg timestamp="20221013 10:51:52.645" level="INFO">TEST OK</msg>
<status status="PASS" starttime="20221013 10:51:52.645" endtime="20221013 10:51:52.645"/>
</kw>
<status status="PASS" starttime="20221013 10:51:52.645" endtime="20221013 10:51:52.645"/>
</branch>
<branch type="ELSE">
<kw name="Fail" library="BuiltIn">
<doc>Fails the test with the given message and optionally alters its tags.</doc>
<status status="NOT RUN" starttime="20221013 10:51:52.645" endtime="20221013 10:51:52.645"/>
</kw>
<status status="NOT RUN" starttime="20221013 10:51:52.645" endtime="20221013 10:51:52.645"/>
</branch>
<status status="PASS" starttime="20221013 10:51:52.645" endtime="20221013 10:51:52.645"/>
</if>
<status status="PASS" starttime="20221013 10:51:52.644" endtime="20221013 10:51:52.645"/>
</kw>
<kw name="Atualizar teste no Test Plans" type="TEARDOWN">
<arg>${planId}</arg>
<arg>${suiteId}</arg>
<arg>${test_case}</arg>
<kw name="Efetuar lista de testes">
<arg>${planId}</arg>
<arg>${suiteId}</arg>
<kw name="List Tests" library="azure_finder">
<var>${cases}</var>
<arg>${planId}</arg>
<arg>${suiteId}</arg>
<msg timestamp="20221013 10:51:52.855" level="INFO">${cases} = [{'id': '44415', 'point': 12508, 'suite': 44267}, {'id': '44416', 'point': 12509, 'suite': 44267}, {'id': '44417', 'point': 12510, 'suite': 44267}, {'id': '44418', 'point': 12511, 'suite': 44267}, {'i...</msg>
<status status="PASS" starttime="20221013 10:51:52.646" endtime="20221013 10:51:52.856"/>
</kw>
<kw name="Set Suite Variable" library="BuiltIn">
<arg>${cases}</arg>
<doc>Makes a variable available everywhere within the scope of the current suite.</doc>
<msg timestamp="20221013 10:51:52.856" level="INFO">${cases} = [{'id': '44415', 'point': 12508, 'suite': 44267}, {'id': '44416', 'point': 12509, 'suite': 44267}, {'id': '44417', 'point': 12510, 'suite': 44267}, {'id': '44418', 'point': 12511, 'suite': 44267}, {'i...</msg>
<status status="PASS" starttime="20221013 10:51:52.856" endtime="20221013 10:51:52.856"/>
</kw>
<status status="PASS" starttime="20221013 10:51:52.646" endtime="20221013 10:51:52.856"/>
</kw>
<kw name="Criar Json com base da lista de testes retornada">
<kw name="Convert To String" library="BuiltIn">
<var>${cases_string}</var>
<arg>${cases}</arg>
<doc>Converts the given item to a Unicode string.</doc>
<msg timestamp="20221013 10:51:52.856" level="INFO">${cases_string} = [{'id': '44415', 'point': 12508, 'suite': 44267}, {'id': '44416', 'point': 12509, 'suite': 44267}, {'id': '44417', 'point': 12510, 'suite': 44267}, {'id': '44418', 'point': 12511, 'suite': 44267}, {'i...</msg>
<status status="PASS" starttime="20221013 10:51:52.856" endtime="20221013 10:51:52.856"/>
</kw>
<kw name="Replace String" library="String">
<var>${cases_string_formatado}</var>
<arg>${cases_string}</arg>
<arg>'</arg>
<arg>"</arg>
<doc>Replaces ``search_for`` in the given ``string`` with ``replace_with``.</doc>
<msg timestamp="20221013 10:51:52.857" level="INFO">${cases_string_formatado} = [{"id": "44415", "point": 12508, "suite": 44267}, {"id": "44416", "point": 12509, "suite": 44267}, {"id": "44417", "point": 12510, "suite": 44267}, {"id": "44418", "point": 12511, "suite": 44267}, {"i...</msg>
<status status="PASS" starttime="20221013 10:51:52.856" endtime="20221013 10:51:52.857"/>
</kw>
<kw name="Gerar Json" library="azure_finder">
<arg>json_recebido</arg>
<arg>${cases_string_formatado}</arg>
<arg>${EXECDIR}</arg>
<status status="PASS" starttime="20221013 10:51:52.857" endtime="20221013 10:51:52.861"/>
</kw>
<status status="PASS" starttime="20221013 10:51:52.856" endtime="20221013 10:51:52.861"/>
</kw>
<kw name="Efetuar GET do test_id referente o teste case">
<var>${test_id}</var>
<arg>${test_case}</arg>
<kw name="Pegar Valor De Test Id Do Json" library="azure_finder">
<var>${test_id}</var>
<arg>${test_case}</arg>
<msg timestamp="20221013 10:51:52.862" level="INFO">${test_id} = 12511</msg>
<status status="PASS" starttime="20221013 10:51:52.861" endtime="20221013 10:51:52.862"/>
</kw>
<kw name="Log To Console" library="BuiltIn">
<arg>test_id: ${test_id}</arg>
<doc>Logs the given message to the console.</doc>
<status status="PASS" starttime="20221013 10:51:52.862" endtime="20221013 10:51:52.862"/>
</kw>
<kw name="Set Suite Variable" library="BuiltIn">
<arg>${test_id}</arg>
<doc>Makes a variable available everywhere within the scope of the current suite.</doc>
<msg timestamp="20221013 10:51:52.863" level="INFO">${test_id} = 12511</msg>
<status status="PASS" starttime="20221013 10:51:52.863" endtime="20221013 10:51:52.863"/>
</kw>
<kw name="Set Suite Variable" library="BuiltIn">
<arg>${test_case}</arg>
<doc>Makes a variable available everywhere within the scope of the current suite.</doc>
<msg timestamp="20221013 10:51:52.863" level="INFO">${test_case} = 44418</msg>
<status status="PASS" starttime="20221013 10:51:52.863" endtime="20221013 10:51:52.863"/>
</kw>
<kw name="Atualizando de fato o test plans">
<kw name="Log To Console" library="BuiltIn">
<arg>Resultado desse teste foi: ${TEST_STATUS}</arg>
<doc>Logs the given message to the console.</doc>
<status status="PASS" starttime="20221013 10:51:52.864" endtime="20221013 10:51:52.864"/>
</kw>
<if>
<branch type="IF" condition="$TEST_STATUS == 'FAIL'">
<kw name="Fail Test" library="azure_finder">
<arg>${planId}</arg>
<arg>${suiteId}</arg>
<arg>${test_id}</arg>
<status status="NOT RUN" starttime="20221013 10:51:52.865" endtime="20221013 10:51:52.865"/>
</kw>
<status status="NOT RUN" starttime="20221013 10:51:52.864" endtime="20221013 10:51:52.865"/>
</branch>
<branch type="ELSE">
<kw name="Pass Test" library="azure_finder">
<arg>${planId}</arg>
<arg>${suiteId}</arg>
<arg>${test_id}</arg>
<status status="PASS" starttime="20221013 10:51:52.865" endtime="20221013 10:51:53.379"/>
</kw>
<status status="PASS" starttime="20221013 10:51:52.865" endtime="20221013 10:51:53.379"/>
</branch>
<status status="PASS" starttime="20221013 10:51:52.864" endtime="20221013 10:51:53.379"/>
</if>
<status status="PASS" starttime="20221013 10:51:52.863" endtime="20221013 10:51:53.379"/>
</kw>
<msg timestamp="20221013 10:51:53.380" level="INFO">${test_id} = None</msg>
<status status="PASS" starttime="20221013 10:51:52.861" endtime="20221013 10:51:53.380"/>
</kw>
<status status="PASS" starttime="20221013 10:51:52.646" endtime="20221013 10:51:53.380"/>
</kw>
<status status="PASS" starttime="20221013 10:51:52.643" endtime="20221013 10:51:53.380"/>
</test>
<test id="s1-t5" name="Teste 5" line="27">
<kw name="Validação 5">
<kw name="Set Variable" library="BuiltIn">
<var>${test_case}</var>
<arg>44419</arg>
<doc>Returns the given values which can then be assigned to a variables.</doc>
<msg timestamp="20221013 10:51:53.383" level="INFO">${test_case} = 44419</msg>
<status status="PASS" starttime="20221013 10:51:53.382" endtime="20221013 10:51:53.383"/>
</kw>
<kw name="Set Suite Variable" library="BuiltIn">
<arg>${test_case}</arg>
<doc>Makes a variable available everywhere within the scope of the current suite.</doc>
<msg timestamp="20221013 10:51:53.383" level="INFO">${test_case} = 44419</msg>
<status status="PASS" starttime="20221013 10:51:53.383" endtime="20221013 10:51:53.383"/>
</kw>
<if>
<branch type="IF" condition="$teste_validacao.lower() == 'banana'">
<kw name="Log" library="BuiltIn">
<arg>TEST OK</arg>
<doc>Logs the given message with the given level.</doc>
<status status="NOT RUN" starttime="20221013 10:51:53.383" endtime="20221013 10:51:53.383"/>
</kw>
<status status="NOT RUN" starttime="20221013 10:51:53.383" endtime="20221013 10:51:53.383"/>
</branch>
<branch type="ELSE">
<kw name="Fail" library="BuiltIn">
<doc>Fails the test with the given message and optionally alters its tags.</doc>
<msg timestamp="20221013 10:51:53.384" level="FAIL">AssertionError</msg>
<status status="FAIL" starttime="20221013 10:51:53.383" endtime="20221013 10:51:53.384"/>
</kw>
<status status="FAIL" starttime="20221013 10:51:53.383" endtime="20221013 10:51:53.384"/>
</branch>
<status status="FAIL" starttime="20221013 10:51:53.383" endtime="20221013 10:51:53.384"/>
</if>
<status status="FAIL" starttime="20221013 10:51:53.382" endtime="20221013 10:51:53.384"/>
</kw>
<kw name="Atualizar teste no Test Plans" type="TEARDOWN">
<arg>${planId}</arg>
<arg>${suiteId}</arg>
<arg>${test_case}</arg>
<kw name="Efetuar lista de testes">
<arg>${planId}</arg>
<arg>${suiteId}</arg>
<kw name="List Tests" library="azure_finder">
<var>${cases}</var>
<arg>${planId}</arg>
<arg>${suiteId}</arg>
<msg timestamp="20221013 10:51:53.572" level="INFO">${cases} = [{'id': '44415', 'point': 12508, 'suite': 44267}, {'id': '44416', 'point': 12509, 'suite': 44267}, {'id': '44417', 'point': 12510, 'suite': 44267}, {'id': '44418', 'point': 12511, 'suite': 44267}, {'i...</msg>
<status status="PASS" starttime="20221013 10:51:53.386" endtime="20221013 10:51:53.572"/>
</kw>
<kw name="Set Suite Variable" library="BuiltIn">
<arg>${cases}</arg>
<doc>Makes a variable available everywhere within the scope of the current suite.</doc>
<msg timestamp="20221013 10:51:53.573" level="INFO">${cases} = [{'id': '44415', 'point': 12508, 'suite': 44267}, {'id': '44416', 'point': 12509, 'suite': 44267}, {'id': '44417', 'point': 12510, 'suite': 44267}, {'id': '44418', 'point': 12511, 'suite': 44267}, {'i...</msg>
<status status="PASS" starttime="20221013 10:51:53.573" endtime="20221013 10:51:53.573"/>
</kw>
<status status="PASS" starttime="20221013 10:51:53.386" endtime="20221013 10:51:53.573"/>
</kw>
<kw name="Criar Json com base da lista de testes retornada">
<kw name="Convert To String" library="BuiltIn">
<var>${cases_string}</var>
<arg>${cases}</arg>
<doc>Converts the given item to a Unicode string.</doc>
<msg timestamp="20221013 10:51:53.574" level="INFO">${cases_string} = [{'id': '44415', 'point': 12508, 'suite': 44267}, {'id': '44416', 'point': 12509, 'suite': 44267}, {'id': '44417', 'point': 12510, 'suite': 44267}, {'id': '44418', 'point': 12511, 'suite': 44267}, {'i...</msg>
<status status="PASS" starttime="20221013 10:51:53.573" endtime="20221013 10:51:53.574"/>
</kw>
<kw name="Replace String" library="String">
<var>${cases_string_formatado}</var>
<arg>${cases_string}</arg>
<arg>'</arg>
<arg>"</arg>
<doc>Replaces ``search_for`` in the given ``string`` with ``replace_with``.</doc>
<msg timestamp="20221013 10:51:53.574" level="INFO">${cases_string_formatado} = [{"id": "44415", "point": 12508, "suite": 44267}, {"id": "44416", "point": 12509, "suite": 44267}, {"id": "44417", "point": 12510, "suite": 44267}, {"id": "44418", "point": 12511, "suite": 44267}, {"i...</msg>
<status status="PASS" starttime="20221013 10:51:53.574" endtime="20221013 10:51:53.574"/>
</kw>
<kw name="Gerar Json" library="azure_finder">
<arg>json_recebido</arg>
<arg>${cases_string_formatado}</arg>
<arg>${EXECDIR}</arg>
<status status="PASS" starttime="20221013 10:51:53.574" endtime="20221013 10:51:53.578"/>
</kw>
<status status="PASS" starttime="20221013 10:51:53.573" endtime="20221013 10:51:53.578"/>
</kw>
<kw name="Efetuar GET do test_id referente o teste case">
<var>${test_id}</var>
<arg>${test_case}</arg>
<kw name="Pegar Valor De Test Id Do Json" library="azure_finder">
<var>${test_id}</var>
<arg>${test_case}</arg>
<msg timestamp="20221013 10:51:53.579" level="INFO">${test_id} = 12512</msg>
<status status="PASS" starttime="20221013 10:51:53.578" endtime="20221013 10:51:53.579"/>
</kw>
<kw name="Log To Console" library="BuiltIn">
<arg>test_id: ${test_id}</arg>
<doc>Logs the given message to the console.</doc>
<status status="PASS" starttime="20221013 10:51:53.579" endtime="20221013 10:51:53.579"/>
</kw>
<kw name="Set Suite Variable" library="BuiltIn">
<arg>${test_id}</arg>
<doc>Makes a variable available everywhere within the scope of the current suite.</doc>
<msg timestamp="20221013 10:51:53.580" level="INFO">${test_id} = 12512</msg>
<status status="PASS" starttime="20221013 10:51:53.579" endtime="20221013 10:51:53.580"/>
</kw>
<kw name="Set Suite Variable" library="BuiltIn">
<arg>${test_case}</arg>
<doc>Makes a variable available everywhere within the scope of the current suite.</doc>
<msg timestamp="20221013 10:51:53.580" level="INFO">${test_case} = 44419</msg>
<status status="PASS" starttime="20221013 10:51:53.580" endtime="20221013 10:51:53.580"/>
</kw>
<kw name="Atualizando de fato o test plans">
<kw name="Log To Console" library="BuiltIn">
<arg>Resultado desse teste foi: ${TEST_STATUS}</arg>
<doc>Logs the given message to the console.</doc>
<status status="PASS" starttime="20221013 10:51:53.580" endtime="20221013 10:51:53.581"/>
</kw>
<if>
<branch type="IF" condition="$TEST_STATUS == 'FAIL'">
<kw name="Fail Test" library="azure_finder">
<arg>${planId}</arg>
<arg>${suiteId}</arg>
<arg>${test_id}</arg>
<status status="PASS" starttime="20221013 10:51:53.581" endtime="20221013 10:51:54.142"/>
</kw>
<status status="PASS" starttime="20221013 10:51:53.581" endtime="20221013 10:51:54.142"/>
</branch>
<branch type="ELSE">
<kw name="Pass Test" library="azure_finder">
<arg>${planId}</arg>
<arg>${suiteId}</arg>
<arg>${test_id}</arg>
<status status="NOT RUN" starttime="20221013 10:51:54.142" endtime="20221013 10:51:54.143"/>
</kw>
<status status="NOT RUN" starttime="20221013 10:51:54.142" endtime="20221013 10:51:54.143"/>
</branch>
<status status="PASS" starttime="20221013 10:51:53.581" endtime="20221013 10:51:54.143"/>
</if>
<status status="PASS" starttime="20221013 10:51:53.580" endtime="20221013 10:51:54.143"/>
</kw>
<msg timestamp="20221013 10:51:54.143" level="INFO">${test_id} = None</msg>
<status status="PASS" starttime="20221013 10:51:53.578" endtime="20221013 10:51:54.143"/>
</kw>
<status status="PASS" starttime="20221013 10:51:53.385" endtime="20221013 10:51:54.143"/>
</kw>
<status status="FAIL" starttime="20221013 10:51:53.382" endtime="20221013 10:51:54.144">AssertionError</status>
</test>
<test id="s1-t6" name="Teste 6" line="30">
<kw name="Validação 6">
<kw name="Set Variable" library="BuiltIn">
<var>${test_case}</var>
<arg>44420</arg>
<doc>Returns the given values which can then be assigned to a variables.</doc>
<msg timestamp="20221013 10:51:54.147" level="INFO">${test_case} = 44420</msg>
<status status="PASS" starttime="20221013 10:51:54.146" endtime="20221013 10:51:54.147"/>
</kw>
<kw name="Set Suite Variable" library="BuiltIn">
<arg>${test_case}</arg>
<doc>Makes a variable available everywhere within the scope of the current suite.</doc>
<msg timestamp="20221013 10:51:54.147" level="INFO">${test_case} = 44420</msg>
<status status="PASS" starttime="20221013 10:51:54.147" endtime="20221013 10:51:54.147"/>
</kw>
<if>
<branch type="IF" condition="$teste_validacao.lower() == 'ok'">
<kw name="Log" library="BuiltIn">
<arg>TEST OK</arg>
<doc>Logs the given message with the given level.</doc>
<msg timestamp="20221013 10:51:54.149" level="INFO">TEST OK</msg>
<status status="PASS" starttime="20221013 10:51:54.147" endtime="20221013 10:51:54.149"/>
</kw>
<status status="PASS" starttime="20221013 10:51:54.147" endtime="20221013 10:51:54.149"/>
</branch>
<branch type="ELSE">
<kw name="Fail" library="BuiltIn">
<doc>Fails the test with the given message and optionally alters its tags.</doc>
<status status="NOT RUN" starttime="20221013 10:51:54.149" endtime="20221013 10:51:54.149"/>
</kw>
<status status="NOT RUN" starttime="20221013 10:51:54.149" endtime="20221013 10:51:54.149"/>
</branch>
<status status="PASS" starttime="20221013 10:51:54.147" endtime="20221013 10:51:54.149"/>
</if>
<status status="PASS" starttime="20221013 10:51:54.146" endtime="20221013 10:51:54.150"/>
</kw>
<kw name="Atualizar teste no Test Plans" type="TEARDOWN">
<arg>${planId}</arg>
<arg>${suiteId}</arg>
<arg>${test_case}</arg>
<kw name="Efetuar lista de testes">
<arg>${planId}</arg>
<arg>${suiteId}</arg>
<kw name="List Tests" library="azure_finder">
<var>${cases}</var>
<arg>${planId}</arg>
<arg>${suiteId}</arg>
<msg timestamp="20221013 10:51:54.343" level="INFO">${cases} = [{'id': '44415', 'point': 12508, 'suite': 44267}, {'id': '44416', 'point': 12509, 'suite': 44267}, {'id': '44417', 'point': 12510, 'suite': 44267}, {'id': '44418', 'point': 12511, 'suite': 44267}, {'i...</msg>
<status status="PASS" starttime="20221013 10:51:54.151" endtime="20221013 10:51:54.343"/>
</kw>
<kw name="Set Suite Variable" library="BuiltIn">
<arg>${cases}</arg>
<doc>Makes a variable available everywhere within the scope of the current suite.</doc>
<msg timestamp="20221013 10:51:54.343" level="INFO">${cases} = [{'id': '44415', 'point': 12508, 'suite': 44267}, {'id': '44416', 'point': 12509, 'suite': 44267}, {'id': '44417', 'point': 12510, 'suite': 44267}, {'id': '44418', 'point': 12511, 'suite': 44267}, {'i...</msg>
<status status="PASS" starttime="20221013 10:51:54.343" endtime="20221013 10:51:54.344"/>
</kw>
<status status="PASS" starttime="20221013 10:51:54.151" endtime="20221013 10:51:54.344"/>
</kw>
<kw name="Criar Json com base da lista de testes retornada">
<kw name="Convert To String" library="BuiltIn">
<var>${cases_string}</var>
<arg>${cases}</arg>
<doc>Converts the given item to a Unicode string.</doc>
<msg timestamp="20221013 10:51:54.344" level="INFO">${cases_string} = [{'id': '44415', 'point': 12508, 'suite': 44267}, {'id': '44416', 'point': 12509, 'suite': 44267}, {'id': '44417', 'point': 12510, 'suite': 44267}, {'id': '44418', 'point': 12511, 'suite': 44267}, {'i...</msg>
<status status="PASS" starttime="20221013 10:51:54.344" endtime="20221013 10:51:54.344"/>
</kw>
<kw name="Replace String" library="String">
<var>${cases_string_formatado}</var>
<arg>${cases_string}</arg>
<arg>'</arg>
<arg>"</arg>
<doc>Replaces ``search_for`` in the given ``string`` with ``replace_with``.</doc>
<msg timestamp="20221013 10:51:54.345" level="INFO">${cases_string_formatado} = [{"id": "44415", "point": 12508, "suite": 44267}, {"id": "44416", "point": 12509, "suite": 44267}, {"id": "44417", "point": 12510, "suite": 44267}, {"id": "44418", "point": 12511, "suite": 44267}, {"i...</msg>
<status status="PASS" starttime="20221013 10:51:54.344" endtime="20221013 10:51:54.345"/>
</kw>
<kw name="Gerar Json" library="azure_finder">
<arg>json_recebido</arg>
<arg>${cases_string_formatado}</arg>
<arg>${EXECDIR}</arg>
<status status="PASS" starttime="20221013 10:51:54.345" endtime="20221013 10:51:54.349"/>
</kw>
<status status="PASS" starttime="20221013 10:51:54.344" endtime="20221013 10:51:54.349"/>
</kw>
<kw name="Efetuar GET do test_id referente o teste case">
<var>${test_id}</var>
<arg>${test_case}</arg>
<kw name="Pegar Valor De Test Id Do Json" library="azure_finder">
<var>${test_id}</var>
<arg>${test_case}</arg>
<msg timestamp="20221013 10:51:54.351" level="INFO">${test_id} = 12513</msg>
<status status="PASS" starttime="20221013 10:51:54.350" endtime="20221013 10:51:54.351"/>
</kw>
<kw name="Log To Console" library="BuiltIn">
<arg>test_id: ${test_id}</arg>
<doc>Logs the given message to the console.</doc>
<status status="PASS" starttime="20221013 10:51:54.351" endtime="20221013 10:51:54.351"/>
</kw>
<kw name="Set Suite Variable" library="BuiltIn">
<arg>${test_id}</arg>
<doc>Makes a variable available everywhere within the scope of the current suite.</doc>
<msg timestamp="20221013 10:51:54.352" level="INFO">${test_id} = 12513</msg>
<status status="PASS" starttime="20221013 10:51:54.351" endtime="20221013 10:51:54.352"/>
</kw>
<kw name="Set Suite Variable" library="BuiltIn">
<arg>${test_case}</arg>
<doc>Makes a variable available everywhere within the scope of the current suite.</doc>
<msg timestamp="20221013 10:51:54.352" level="INFO">${test_case} = 44420</msg>
<status status="PASS" starttime="20221013 10:51:54.352" endtime="20221013 10:51:54.352"/>
</kw>
<kw name="Atualizando de fato o test plans">
<kw name="Log To Console" library="BuiltIn">
<arg>Resultado desse teste foi: ${TEST_STATUS}</arg>
<doc>Logs the given message to the console.</doc>
<status status="PASS" starttime="20221013 10:51:54.353" endtime="20221013 10:51:54.353"/>
</kw>
<if>
<branch type="IF" condition="$TEST_STATUS == 'FAIL'">
<kw name="Fail Test" library="azure_finder">
<arg>${planId}</arg>
<arg>${suiteId}</arg>
<arg>${test_id}</arg>
<status status="NOT RUN" starttime="20221013 10:51:54.353" endtime="20221013 10:51:54.354"/>
</kw>
<status status="NOT RUN" starttime="20221013 10:51:54.353" endtime="20221013 10:51:54.354"/>
</branch>
<branch type="ELSE">
<kw name="Pass Test" library="azure_finder">
<arg>${planId}</arg>
<arg>${suiteId}</arg>
<arg>${test_id}</arg>
<status status="PASS" starttime="20221013 10:51:54.354" endtime="20221013 10:51:54.934"/>
</kw>
<status status="PASS" starttime="20221013 10:51:54.354" endtime="20221013 10:51:54.934"/>
</branch>
<status status="PASS" starttime="20221013 10:51:54.353" endtime="20221013 10:51:54.934"/>
</if>
<status status="PASS" starttime="20221013 10:51:54.352" endtime="20221013 10:51:54.934"/>
</kw>
<msg timestamp="20221013 10:51:54.934" level="INFO">${test_id} = None</msg>
<status status="PASS" starttime="20221013 10:51:54.349" endtime="20221013 10:51:54.935"/>
</kw>
<status status="PASS" starttime="20221013 10:51:54.150" endtime="20221013 10:51:54.935"/>
</kw>
<status status="PASS" starttime="20221013 10:51:54.146" endtime="20221013 10:51:54.935"/>
</test>
<test id="s1-t7" name="Teste 7" line="32">
<kw name="Validação 7">
<kw name="Set Variable" library="BuiltIn">
<var>${test_case}</var>
<arg>44421</arg>
<doc>Returns the given values which can then be assigned to a variables.</doc>
<msg timestamp="20221013 10:51:54.937" level="INFO">${test_case} = 44421</msg>
<status status="PASS" starttime="20221013 10:51:54.937" endtime="20221013 10:51:54.937"/>
</kw>
<kw name="Set Suite Variable" library="BuiltIn">
<arg>${test_case}</arg>
<doc>Makes a variable available everywhere within the scope of the current suite.</doc>
<msg timestamp="20221013 10:51:54.938" level="INFO">${test_case} = 44421</msg>
<status status="PASS" starttime="20221013 10:51:54.937" endtime="20221013 10:51:54.938"/>
</kw>
<if>
<branch type="IF" condition="$teste_validacao.lower() == 'nok'">
<kw name="Log" library="BuiltIn">
<arg>TEST OK</arg>
<doc>Logs the given message with the given level.</doc>
<status status="NOT RUN" starttime="20221013 10:51:54.938" endtime="20221013 10:51:54.938"/>
</kw>
<status status="NOT RUN" starttime="20221013 10:51:54.938" endtime="20221013 10:51:54.938"/>
</branch>
<branch type="ELSE">
<kw name="Fail" library="BuiltIn">
<doc>Fails the test with the given message and optionally alters its tags.</doc>
<msg timestamp="20221013 10:51:54.938" level="FAIL">AssertionError</msg>
<status status="FAIL" starttime="20221013 10:51:54.938" endtime="20221013 10:51:54.939"/>
</kw>
<status status="FAIL" starttime="20221013 10:51:54.938" endtime="20221013 10:51:54.939"/>
</branch>
<status status="FAIL" starttime="20221013 10:51:54.938" endtime="20221013 10:51:54.939"/>
</if>
<status status="FAIL" starttime="20221013 10:51:54.937" endtime="20221013 10:51:54.939"/>
</kw>
<kw name="Atualizar teste no Test Plans" type="TEARDOWN">
<arg>${planId}</arg>
<arg>${suiteId}</arg>
<arg>${test_case}</arg>
<kw name="Efetuar lista de testes">
<arg>${planId}</arg>
<arg>${suiteId}</arg>
<kw name="List Tests" library="azure_finder">
<var>${cases}</var>
<arg>${planId}</arg>
<arg>${suiteId}</arg>
<msg timestamp="20221013 10:51:55.156" level="INFO">${cases} = [{'id': '44415', 'point': 12508, 'suite': 44267}, {'id': '44416', 'point': 12509, 'suite': 44267}, {'id': '44417', 'point': 12510, 'suite': 44267}, {'id': '44418', 'point': 12511, 'suite': 44267}, {'i...</msg>
<status status="PASS" starttime="20221013 10:51:54.941" endtime="20221013 10:51:55.156"/>
</kw>
<kw name="Set Suite Variable" library="BuiltIn">
<arg>${cases}</arg>
<doc>Makes a variable available everywhere within the scope of the current suite.</doc>
<msg timestamp="20221013 10:51:55.156" level="INFO">${cases} = [{'id': '44415', 'point': 12508, 'suite': 44267}, {'id': '44416', 'point': 12509, 'suite': 44267}, {'id': '44417', 'point': 12510, 'suite': 44267}, {'id': '44418', 'point': 12511, 'suite': 44267}, {'i...</msg>
<status status="PASS" starttime="20221013 10:51:55.156" endtime="20221013 10:51:55.156"/>
</kw>
<status status="PASS" starttime="20221013 10:51:54.941" endtime="20221013 10:51:55.156"/>
</kw>
<kw name="Criar Json com base da lista de testes retornada">
<kw name="Convert To String" library="BuiltIn">
<var>${cases_string}</var>
<arg>${cases}</arg>
<doc>Converts the given item to a Unicode string.</doc>
<msg timestamp="20221013 10:51:55.157" level="INFO">${cases_string} = [{'id': '44415', 'point': 12508, 'suite': 44267}, {'id': '44416', 'point': 12509, 'suite': 44267}, {'id': '44417', 'point': 12510, 'suite': 44267}, {'id': '44418', 'point': 12511, 'suite': 44267}, {'i...</msg>
<status status="PASS" starttime="20221013 10:51:55.157" endtime="20221013 10:51:55.157"/>
</kw>
<kw name="Replace String" library="String">
<var>${cases_string_formatado}</var>
<arg>${cases_string}</arg>
<arg>'</arg>
<arg>"</arg>
<doc>Replaces ``search_for`` in the given ``string`` with ``replace_with``.</doc>
<msg timestamp="20221013 10:51:55.157" level="INFO">${cases_string_formatado} = [{"id": "44415", "point": 12508, "suite": 44267}, {"id": "44416", "point": 12509, "suite": 44267}, {"id": "44417", "point": 12510, "suite": 44267}, {"id": "44418", "point": 12511, "suite": 44267}, {"i...</msg>
<status status="PASS" starttime="20221013 10:51:55.157" endtime="20221013 10:51:55.157"/>
</kw>
<kw name="Gerar Json" library="azure_finder">
<arg>json_recebido</arg>
<arg>${cases_string_formatado}</arg>
<arg>${EXECDIR}</arg>
<status status="PASS" starttime="20221013 10:51:55.157" endtime="20221013 10:51:55.161"/>
</kw>
<status status="PASS" starttime="20221013 10:51:55.156" endtime="20221013 10:51:55.161"/>
</kw>
<kw name="Efetuar GET do test_id referente o teste case">
<var>${test_id}</var>
<arg>${test_case}</arg>
<kw name="Pegar Valor De Test Id Do Json" library="azure_finder">
<var>${test_id}</var>
<arg>${test_case}</arg>
<msg timestamp="20221013 10:51:55.162" level="INFO">${test_id} = 12514</msg>
<status status="PASS" starttime="20221013 10:51:55.162" endtime="20221013 10:51:55.162"/>
</kw>
<kw name="Log To Console" library="BuiltIn">
<arg>test_id: ${test_id}</arg>
<doc>Logs the given message to the console.</doc>
<status status="PASS" starttime="20221013 10:51:55.162" endtime="20221013 10:51:55.163"/>
</kw>
<kw name="Set Suite Variable" library="BuiltIn">
<arg>${test_id}</arg>
<doc>Makes a variable available everywhere within the scope of the current suite.</doc>
<msg timestamp="20221013 10:51:55.163" level="INFO">${test_id} = 12514</msg>
<status status="PASS" starttime="20221013 10:51:55.163" endtime="20221013 10:51:55.163"/>
</kw>
<kw name="Set Suite Variable" library="BuiltIn">
<arg>${test_case}</arg>
<doc>Makes a variable available everywhere within the scope of the current suite.</doc>
<msg timestamp="20221013 10:51:55.164" level="INFO">${test_case} = 44421</msg>
<status status="PASS" starttime="20221013 10:51:55.163" endtime="20221013 10:51:55.164"/>
</kw>
<kw name="Atualizando de fato o test plans">
<kw name="Log To Console" library="BuiltIn">
<arg>Resultado desse teste foi: ${TEST_STATUS}</arg>
<doc>Logs the given message to the console.</doc>
<status status="PASS" starttime="20221013 10:51:55.164" endtime="20221013 10:51:55.165"/>
</kw>
<if>
<branch type="IF" condition="$TEST_STATUS == 'FAIL'">
<kw name="Fail Test" library="azure_finder">
<arg>${planId}</arg>
<arg>${suiteId}</arg>
<arg>${test_id}</arg>
<status status="PASS" starttime="20221013 10:51:55.165" endtime="20221013 10:51:56.237"/>
</kw>
<status status="PASS" starttime="20221013 10:51:55.165" endtime="20221013 10:51:56.237"/>
</branch>
<branch type="ELSE">
<kw name="Pass Test" library="azure_finder">
<arg>${planId}</arg>
<arg>${suiteId}</arg>
<arg>${test_id}</arg>
<status status="NOT RUN" starttime="20221013 10:51:56.237" endtime="20221013 10:51:56.237"/>
</kw>
<status status="NOT RUN" starttime="20221013 10:51:56.237" endtime="20221013 10:51:56.237"/>
</branch>
<status status="PASS" starttime="20221013 10:51:55.165" endtime="20221013 10:51:56.237"/>
</if>
<status status="PASS" starttime="20221013 10:51:55.164" endtime="20221013 10:51:56.237"/>
</kw>
<msg timestamp="20221013 10:51:56.237" level="INFO">${test_id} = None</msg>
<status status="PASS" starttime="20221013 10:51:55.162" endtime="20221013 10:51:56.237"/>
</kw>
<status status="PASS" starttime="20221013 10:51:54.940" endtime="20221013 10:51:56.239"/>
</kw>
<status status="FAIL" starttime="20221013 10:51:54.937" endtime="20221013 10:51:56.239">AssertionError</status>
</test>
<test id="s1-t8" name="Teste 8" line="34">
<kw name="Validação 8">
<kw name="Set Variable" library="BuiltIn">
<var>${test_case}</var>
<arg>44422</arg>
<doc>Returns the given values which can then be assigned to a variables.</doc>
<msg timestamp="20221013 10:51:56.244" level="INFO">${test_case} = 44422</msg>
<status status="PASS" starttime="20221013 10:51:56.244" endtime="20221013 10:51:56.244"/>
</kw>
<kw name="Set Suite Variable" library="BuiltIn">
<arg>${test_case}</arg>
<doc>Makes a variable available everywhere within the scope of the current suite.</doc>
<msg timestamp="20221013 10:51:56.244" level="INFO">${test_case} = 44422</msg>
<status status="PASS" starttime="20221013 10:51:56.244" endtime="20221013 10:51:56.244"/>
</kw>
<if>
<branch type="IF" condition="$teste_validacao.lower() == 'banana'">
<kw name="Log" library="BuiltIn">
<arg>TEST OK</arg>
<doc>Logs the given message with the given level.</doc>
<status status="NOT RUN" starttime="20221013 10:51:56.245" endtime="20221013 10:51:56.245"/>
</kw>
<status status="NOT RUN" starttime="20221013 10:51:56.245" endtime="20221013 10:51:56.245"/>
</branch>
<branch type="ELSE">
<kw name="Fail" library="BuiltIn">
<doc>Fails the test with the given message and optionally alters its tags.</doc>
<msg timestamp="20221013 10:51:56.245" level="FAIL">AssertionError</msg>
<status status="FAIL" starttime="20221013 10:51:56.245" endtime="20221013 10:51:56.245"/>
</kw>
<status status="FAIL" starttime="20221013 10:51:56.245" endtime="20221013 10:51:56.246"/>
</branch>
<status status="FAIL" starttime="20221013 10:51:56.244" endtime="20221013 10:51:56.246"/>
</if>
<status status="FAIL" starttime="20221013 10:51:56.242" endtime="20221013 10:51:56.246"/>
</kw>
<kw name="Atualizar teste no Test Plans" type="TEARDOWN">
<arg>${planId}</arg>
<arg>${suiteId}</arg>
<arg>${test_case}</arg>
<kw name="Efetuar lista de testes">
<arg>${planId}</arg>
<arg>${suiteId}</arg>
<kw name="List Tests" library="azure_finder">
<var>${cases}</var>
<arg>${planId}</arg>
<arg>${suiteId}</arg>
<msg timestamp="20221013 10:51:56.448" level="INFO">${cases} = [{'id': '44415', 'point': 12508, 'suite': 44267}, {'id': '44416', 'point': 12509, 'suite': 44267}, {'id': '44417', 'point': 12510, 'suite': 44267}, {'id': '44418', 'point': 12511, 'suite': 44267}, {'i...</msg>
<status status="PASS" starttime="20221013 10:51:56.249" endtime="20221013 10:51:56.448"/>
</kw>
<kw name="Set Suite Variable" library="BuiltIn">
<arg>${cases}</arg>
<doc>Makes a variable available everywhere within the scope of the current suite.</doc>
<msg timestamp="20221013 10:51:56.449" level="INFO">${cases} = [{'id': '44415', 'point': 12508, 'suite': 44267}, {'id': '44416', 'point': 12509, 'suite': 44267}, {'id': '44417', 'point': 12510, 'suite': 44267}, {'id': '44418', 'point': 12511, 'suite': 44267}, {'i...</msg>
<status status="PASS" starttime="20221013 10:51:56.448" endtime="20221013 10:51:56.449"/>
</kw>
<status status="PASS" starttime="20221013 10:51:56.248" endtime="20221013 10:51:56.449"/>
</kw>
<kw name="Criar Json com base da lista de testes retornada">
<kw name="Convert To String" library="BuiltIn">
<var>${cases_string}</var>
<arg>${cases}</arg>
<doc>Converts the given item to a Unicode string.</doc>
<msg timestamp="20221013 10:51:56.450" level="INFO">${cases_string} = [{'id': '44415', 'point': 12508, 'suite': 44267}, {'id': '44416', 'point': 12509, 'suite': 44267}, {'id': '44417', 'point': 12510, 'suite': 44267}, {'id': '44418', 'point': 12511, 'suite': 44267}, {'i...</msg>
<status status="PASS" starttime="20221013 10:51:56.449" endtime="20221013 10:51:56.450"/>
</kw>
<kw name="Replace String" library="String">
<var>${cases_string_formatado}</var>
<arg>${cases_string}</arg>
<arg>'</arg>
<arg>"</arg>
<doc>Replaces ``search_for`` in the given ``string`` with ``replace_with``.</doc>
<msg timestamp="20221013 10:51:56.450" level="INFO">${cases_string_formatado} = [{"id": "44415", "point": 12508, "suite": 44267}, {"id": "44416", "point": 12509, "suite": 44267}, {"id": "44417", "point": 12510, "suite": 44267}, {"id": "44418", "point": 12511, "suite": 44267}, {"i...</msg>
<status status="PASS" starttime="20221013 10:51:56.450" endtime="20221013 10:51:56.450"/>
</kw>
<kw name="Gerar Json" library="azure_finder">
<arg>json_recebido</arg>
<arg>${cases_string_formatado}</arg>
<arg>${EXECDIR}</arg>
<status status="PASS" starttime="20221013 10:51:56.450" endtime="20221013 10:51:56.453"/>
</kw>
<status status="PASS" starttime="20221013 10:51:56.449" endtime="20221013 10:51:56.453"/>
</kw>
<kw name="Efetuar GET do test_id referente o teste case">
<var>${test_id}</var>
<arg>${test_case}</arg>
<kw name="Pegar Valor De Test Id Do Json" library="azure_finder">
<var>${test_id}</var>
<arg>${test_case}</arg>
<msg timestamp="20221013 10:51:56.454" level="INFO">${test_id} = 12515</msg>
<status status="PASS" starttime="20221013 10:51:56.453" endtime="20221013 10:51:56.454"/>
</kw>
<kw name="Log To Console" library="BuiltIn">
<arg>test_id: ${test_id}</arg>
<doc>Logs the given message to the console.</doc>
<status status="PASS" starttime="20221013 10:51:56.454" endtime="20221013 10:51:56.454"/>
</kw>
<kw name="Set Suite Variable" library="BuiltIn">
<arg>${test_id}</arg>
<doc>Makes a variable available everywhere within the scope of the current suite.</doc>
<msg timestamp="20221013 10:51:56.455" level="INFO">${test_id} = 12515</msg>
<status status="PASS" starttime="20221013 10:51:56.454" endtime="20221013 10:51:56.455"/>
</kw>
<kw name="Set Suite Variable" library="BuiltIn">
<arg>${test_case}</arg>
<doc>Makes a variable available everywhere within the scope of the current suite.</doc>
<msg timestamp="20221013 10:51:56.455" level="INFO">${test_case} = 44422</msg>
<status status="PASS" starttime="20221013 10:51:56.455" endtime="20221013 10:51:56.455"/>
</kw>
<kw name="Atualizando de fato o test plans">
<kw name="Log To Console" library="BuiltIn">
<arg>Resultado desse teste foi: ${TEST_STATUS}</arg>
<doc>Logs the given message to the console.</doc>
<status status="PASS" starttime="20221013 10:51:56.455" endtime="20221013 10:51:56.456"/>
</kw>
<if>
<branch type="IF" condition="$TEST_STATUS == 'FAIL'">
<kw name="Fail Test" library="azure_finder">
<arg>${planId}</arg>
<arg>${suiteId}</arg>
<arg>${test_id}</arg>
<status status="PASS" starttime="20221013 10:51:56.456" endtime="20221013 10:51:57.177"/>
</kw>
<status status="PASS" starttime="20221013 10:51:56.456" endtime="20221013 10:51:57.177"/>
</branch>
<branch type="ELSE">
<kw name="Pass Test" library="azure_finder">
<arg>${planId}</arg>
<arg>${suiteId}</arg>
<arg>${test_id}</arg>
<status status="NOT RUN" starttime="20221013 10:51:57.177" endtime="20221013 10:51:57.177"/>
</kw>
<status status="NOT RUN" starttime="20221013 10:51:57.177" endtime="20221013 10:51:57.177"/>
</branch>
<status status="PASS" starttime="20221013 10:51:56.456" endtime="20221013 10:51:57.177"/>
</if>
<status status="PASS" starttime="20221013 10:51:56.455" endtime="20221013 10:51:57.177"/>
</kw>
<msg timestamp="20221013 10:51:57.178" level="INFO">${test_id} = None</msg>
<status status="PASS" starttime="20221013 10:51:56.453" endtime="20221013 10:51:57.178"/>
</kw>
<status status="PASS" starttime="20221013 10:51:56.247" endtime="20221013 10:51:57.178"/>
</kw>
<status status="FAIL" starttime="20221013 10:51:56.241" endtime="20221013 10:51:57.178">AssertionError</status>
</test>
<test id="s1-t9" name="Teste 9" line="36">
<kw name="Validação 9">
<kw name="Set Variable" library="BuiltIn">
<var>${test_case}</var>
<arg>44423</arg>
<doc>Returns the given values which can then be assigned to a variables.</doc>
<msg timestamp="20221013 10:51:57.181" level="INFO">${test_case} = 44423</msg>
<status status="PASS" starttime="20221013 10:51:57.181" endtime="20221013 10:51:57.181"/>
</kw>
<kw name="Set Suite Variable" library="BuiltIn">
<arg>${test_case}</arg>
<doc>Makes a variable available everywhere within the scope of the current suite.</doc>
<msg timestamp="20221013 10:51:57.182" level="INFO">${test_case} = 44423</msg>
<status status="PASS" starttime="20221013 10:51:57.181" endtime="20221013 10:51:57.182"/>
</kw>
<if>
<branch type="IF" condition="$teste_validacao.lower() == 'banana'">
<kw name="Log" library="BuiltIn">
<arg>TEST OK</arg>
<doc>Logs the given message with the given level.</doc>
<status status="NOT RUN" starttime="20221013 10:51:57.183" endtime="20221013 10:51:57.183"/>
</kw>
<status status="NOT RUN" starttime="20221013 10:51:57.183" endtime="20221013 10:51:57.183"/>
</branch>
<branch type="ELSE">
<kw name="Fail" library="BuiltIn">
<doc>Fails the test with the given message and optionally alters its tags.</doc>
<msg timestamp="20221013 10:51:57.184" level="FAIL">AssertionError</msg>
<status status="FAIL" starttime="20221013 10:51:57.183" endtime="20221013 10:51:57.184"/>
</kw>
<status status="FAIL" starttime="20221013 10:51:57.183" endtime="20221013 10:51:57.184"/>
</branch>
<status status="FAIL" starttime="20221013 10:51:57.182" endtime="20221013 10:51:57.185"/>
</if>
<status status="FAIL" starttime="20221013 10:51:57.181" endtime="20221013 10:51:57.185"/>
</kw>
<kw name="Atualizar teste no Test Plans" type="TEARDOWN">
<arg>${planId}</arg>
<arg>${suiteId}</arg>
<arg>${test_case}</arg>
<kw name="Efetuar lista de testes">
<arg>${planId}</arg>
<arg>${suiteId}</arg>
<kw name="List Tests" library="azure_finder">
<var>${cases}</var>
<arg>${planId}</arg>
<arg>${suiteId}</arg>
<msg timestamp="20221013 10:51:57.378" level="INFO">${cases} = [{'id': '44415', 'point': 12508, 'suite': 44267}, {'id': '44416', 'point': 12509, 'suite': 44267}, {'id': '44417', 'point': 12510, 'suite': 44267}, {'id': '44418', 'point': 12511, 'suite': 44267}, {'i...</msg>
<status status="PASS" starttime="20221013 10:51:57.193" endtime="20221013 10:51:57.378"/>
</kw>
<kw name="Set Suite Variable" library="BuiltIn">
<arg>${cases}</arg>
<doc>Makes a variable available everywhere within the scope of the current suite.</doc>
<msg timestamp="20221013 10:51:57.378" level="INFO">${cases} = [{'id': '44415', 'point': 12508, 'suite': 44267}, {'id': '44416', 'point': 12509, 'suite': 44267}, {'id': '44417', 'point': 12510, 'suite': 44267}, {'id': '44418', 'point': 12511, 'suite': 44267}, {'i...</msg>
<status status="PASS" starttime="20221013 10:51:57.378" endtime="20221013 10:51:57.378"/>
</kw>
<status status="PASS" starttime="20221013 10:51:57.192" endtime="20221013 10:51:57.378"/>
</kw>
<kw name="Criar Json com base da lista de testes retornada">
<kw name="Convert To String" library="BuiltIn">
<var>${cases_string}</var>
<arg>${cases}</arg>
<doc>Converts the given item to a Unicode string.</doc>
<msg timestamp="20221013 10:51:57.379" level="INFO">${cases_string} = [{'id': '44415', 'point': 12508, 'suite': 44267}, {'id': '44416', 'point': 12509, 'suite': 44267}, {'id': '44417', 'point': 12510, 'suite': 44267}, {'id': '44418', 'point': 12511, 'suite': 44267}, {'i...</msg>
<status status="PASS" starttime="20221013 10:51:57.379" endtime="20221013 10:51:57.379"/>
</kw>
<kw name="Replace String" library="String">
<var>${cases_string_formatado}</var>
<arg>${cases_string}</arg>
<arg>'</arg>
<arg>"</arg>
<doc>Replaces ``search_for`` in the given ``string`` with ``replace_with``.</doc>
<msg timestamp="20221013 10:51:57.379" level="INFO">${cases_string_formatado} = [{"id": "44415", "point": 12508, "suite": 44267}, {"id": "44416", "point": 12509, "suite": 44267}, {"id": "44417", "point": 12510, "suite": 44267}, {"id": "44418", "point": 12511, "suite": 44267}, {"i...</msg>
<status status="PASS" starttime="20221013 10:51:57.379" endtime="20221013 10:51:57.379"/>
</kw>
<kw name="Gerar Json" library="azure_finder">
<arg>json_recebido</arg>
<arg>${cases_string_formatado}</arg>
<arg>${EXECDIR}</arg>
<status status="PASS" starttime="20221013 10:51:57.379" endtime="20221013 10:51:57.382"/>
</kw>
<status status="PASS" starttime="20221013 10:51:57.378" endtime="20221013 10:51:57.383"/>
</kw>
<kw name="Efetuar GET do test_id referente o teste case">
<var>${test_id}</var>
<arg>${test_case}</arg>
<kw name="Pegar Valor De Test Id Do Json" library="azure_finder">
<var>${test_id}</var>
<arg>${test_case}</arg>
<msg timestamp="20221013 10:51:57.384" level="INFO">${test_id} = 12516</msg>
<status status="PASS" starttime="20221013 10:51:57.383" endtime="20221013 10:51:57.384"/>
</kw>
<kw name="Log To Console" library="BuiltIn">
<arg>test_id: ${test_id}</arg>
<doc>Logs the given message to the console.</doc>
<status status="PASS" starttime="20221013 10:51:57.384" endtime="20221013 10:51:57.385"/>
</kw>
<kw name="Set Suite Variable" library="BuiltIn">
<arg>${test_id}</arg>
<doc>Makes a variable available everywhere within the scope of the current suite.</doc>
<msg timestamp="20221013 10:51:57.386" level="INFO">${test_id} = 12516</msg>
<status status="PASS" starttime="20221013 10:51:57.385" endtime="20221013 10:51:57.386"/>
</kw>
<kw name="Set Suite Variable" library="BuiltIn">
<arg>${test_case}</arg>
<doc>Makes a variable available everywhere within the scope of the current suite.</doc>
<msg timestamp="20221013 10:51:57.387" level="INFO">${test_case} = 44423</msg>
<status status="PASS" starttime="20221013 10:51:57.386" endtime="20221013 10:51:57.387"/>
</kw>
<kw name="Atualizando de fato o test plans">
<kw name="Log To Console" library="BuiltIn">
<arg>Resultado desse teste foi: ${TEST_STATUS}</arg>
<doc>Logs the given message to the console.</doc>
<status status="PASS" starttime="20221013 10:51:57.387" endtime="20221013 10:51:57.391"/>
</kw>
<if>
<branch type="IF" condition="$TEST_STATUS == 'FAIL'">
<kw name="Fail Test" library="azure_finder">
<arg>${planId}</arg>
<arg>${suiteId}</arg>
<arg>${test_id}</arg>
<status status="PASS" starttime="20221013 10:51:57.391" endtime="20221013 10:51:58.056"/>
</kw>
<status status="PASS" starttime="20221013 10:51:57.391" endtime="20221013 10:51:58.057"/>
</branch>
<branch type="ELSE">
<kw name="Pass Test" library="azure_finder">
<arg>${planId}</arg>
<arg>${suiteId}</arg>
<arg>${test_id}</arg>
<status status="NOT RUN" starttime="20221013 10:51:58.057" endtime="20221013 10:51:58.057"/>
</kw>
<status status="NOT RUN" starttime="20221013 10:51:58.057" endtime="20221013 10:51:58.057"/>
</branch>
<status status="PASS" starttime="20221013 10:51:57.391" endtime="20221013 10:51:58.057"/>
</if>
<status status="PASS" starttime="20221013 10:51:57.387" endtime="20221013 10:51:58.057"/>
</kw>
<msg timestamp="20221013 10:51:58.057" level="INFO">${test_id} = None</msg>
<status status="PASS" starttime="20221013 10:51:57.383" endtime="20221013 10:51:58.057"/>
</kw>
<status status="PASS" starttime="20221013 10:51:57.188" endtime="20221013 10:51:58.057"/>
</kw>
<status status="FAIL" starttime="20221013 10:51:57.180" endtime="20221013 10:51:58.058">AssertionError</status>
</test>
<test id="s1-t10" name="Teste 10" line="38">
<kw name="Validação 10">
<kw name="Set Variable" library="BuiltIn">
<var>${test_case}</var>
<arg>44424</arg>
<doc>Returns the given values which can then be assigned to a variables.</doc>
<msg timestamp="20221013 10:51:58.060" level="INFO">${test_case} = 44424</msg>
<status status="PASS" starttime="20221013 10:51:58.060" endtime="20221013 10:51:58.060"/>
</kw>
<kw name="Set Suite Variable" library="BuiltIn">
<arg>${test_case}</arg>
<doc>Makes a variable available everywhere within the scope of the current suite.</doc>
<msg timestamp="20221013 10:51:58.061" level="INFO">${test_case} = 44424</msg>
<status status="PASS" starttime="20221013 10:51:58.060" endtime="20221013 10:51:58.061"/>
</kw>
<if>
<branch type="IF" condition="$teste_validacao.lower() == 'ok'">
<kw name="Log" library="BuiltIn">
<arg>TEST OK</arg>
<doc>Logs the given message with the given level.</doc>
<msg timestamp="20221013 10:51:58.061" level="INFO">TEST OK</msg>
<status status="PASS" starttime="20221013 10:51:58.061" endtime="20221013 10:51:58.061"/>
</kw>
<status status="PASS" starttime="20221013 10:51:58.061" endtime="20221013 10:51:58.061"/>
</branch>
<branch type="ELSE">
<kw name="Fail" library="BuiltIn">
<doc>Fails the test with the given message and optionally alters its tags.</doc>
<status status="NOT RUN" starttime="20221013 10:51:58.061" endtime="20221013 10:51:58.062"/>
</kw>
<status status="NOT RUN" starttime="20221013 10:51:58.061" endtime="20221013 10:51:58.062"/>
</branch>
<status status="PASS" starttime="20221013 10:51:58.061" endtime="20221013 10:51:58.062"/>
</if>
<status status="PASS" starttime="20221013 10:51:58.060" endtime="20221013 10:51:58.062"/>
</kw>
<kw name="Atualizar teste no Test Plans" type="TEARDOWN">
<arg>${planId}</arg>
<arg>${suiteId}</arg>
<arg>${test_case}</arg>
<kw name="Efetuar lista de testes">
<arg>${planId}</arg>
<arg>${suiteId}</arg>
<kw name="List Tests" library="azure_finder">
<var>${cases}</var>
<arg>${planId}</arg>
<arg>${suiteId}</arg>
<msg timestamp="20221013 10:51:58.260" level="INFO">${cases} = [{'id': '44415', 'point': 12508, 'suite': 44267}, {'id': '44416', 'point': 12509, 'suite': 44267}, {'id': '44417', 'point': 12510, 'suite': 44267}, {'id': '44418', 'point': 12511, 'suite': 44267}, {'i...</msg>
<status status="PASS" starttime="20221013 10:51:58.064" endtime="20221013 10:51:58.260"/>
</kw>
<kw name="Set Suite Variable" library="BuiltIn">
<arg>${cases}</arg>
<doc>Makes a variable available everywhere within the scope of the current suite.</doc>
<msg timestamp="20221013 10:51:58.260" level="INFO">${cases} = [{'id': '44415', 'point': 12508, 'suite': 44267}, {'id': '44416', 'point': 12509, 'suite': 44267}, {'id': '44417', 'point': 12510, 'suite': 44267}, {'id': '44418', 'point': 12511, 'suite': 44267}, {'i...</msg>
<status status="PASS" starttime="20221013 10:51:58.260" endtime="20221013 10:51:58.260"/>
</kw>
<status status="PASS" starttime="20221013 10:51:58.063" endtime="20221013 10:51:58.260"/>
</kw>
<kw name="Criar Json com base da lista de testes retornada">
<kw name="Convert To String" library="BuiltIn">
<var>${cases_string}</var>
<arg>${cases}</arg>
<doc>Converts the given item to a Unicode string.</doc>
<msg timestamp="20221013 10:51:58.261" level="INFO">${cases_string} = [{'id': '44415', 'point': 12508, 'suite': 44267}, {'id': '44416', 'point': 12509, 'suite': 44267}, {'id': '44417', 'point': 12510, 'suite': 44267}, {'id': '44418', 'point': 12511, 'suite': 44267}, {'i...</msg>
<status status="PASS" starttime="20221013 10:51:58.261" endtime="20221013 10:51:58.261"/>
</kw>
<kw name="Replace String" library="String">
<var>${cases_string_formatado}</var>
<arg>${cases_string}</arg>
<arg>'</arg>
<arg>"</arg>
<doc>Replaces ``search_for`` in the given ``string`` with ``replace_with``.</doc>
<msg timestamp="20221013 10:51:58.261" level="INFO">${cases_string_formatado} = [{"id": "44415", "point": 12508, "suite": 44267}, {"id": "44416", "point": 12509, "suite": 44267}, {"id": "44417", "point": 12510, "suite": 44267}, {"id": "44418", "point": 12511, "suite": 44267}, {"i...</msg>
<status status="PASS" starttime="20221013 10:51:58.261" endtime="20221013 10:51:58.261"/>
</kw>
<kw name="Gerar Json" library="azure_finder">
<arg>json_recebido</arg>
<arg>${cases_string_formatado}</arg>
<arg>${EXECDIR}</arg>
<status status="PASS" starttime="20221013 10:51:58.261" endtime="20221013 10:51:58.264"/>
</kw>
<status status="PASS" starttime="20221013 10:51:58.260" endtime="20221013 10:51:58.265"/>
</kw>
<kw name="Efetuar GET do test_id referente o teste case">
<var>${test_id}</var>
<arg>${test_case}</arg>
<kw name="Pegar Valor De Test Id Do Json" library="azure_finder">
<var>${test_id}</var>
<arg>${test_case}</arg>
<msg timestamp="20221013 10:51:58.266" level="INFO">${test_id} = 12517</msg>
<status status="PASS" starttime="20221013 10:51:58.265" endtime="20221013 10:51:58.266"/>
</kw>
<kw name="Log To Console" library="BuiltIn">
<arg>test_id: ${test_id}</arg>
<doc>Logs the given message to the console.</doc>
<status status="PASS" starttime="20221013 10:51:58.266" endtime="20221013 10:51:58.266"/>
</kw>
<kw name="Set Suite Variable" library="BuiltIn">
<arg>${test_id}</arg>
<doc>Makes a variable available everywhere within the scope of the current suite.</doc>
<msg timestamp="20221013 10:51:58.268" level="INFO">${test_id} = 12517</msg>
<status status="PASS" starttime="20221013 10:51:58.267" endtime="20221013 10:51:58.268"/>
</kw>
<kw name="Set Suite Variable" library="BuiltIn">
<arg>${test_case}</arg>
<doc>Makes a variable available everywhere within the scope of the current suite.</doc>
<msg timestamp="20221013 10:51:58.268" level="INFO">${test_case} = 44424</msg>
<status status="PASS" starttime="20221013 10:51:58.268" endtime="20221013 10:51:58.268"/>
</kw>
<kw name="Atualizando de fato o test plans">
<kw name="Log To Console" library="BuiltIn">
<arg>Resultado desse teste foi: ${TEST_STATUS}</arg>
<doc>Logs the given message to the console.</doc>
<status status="PASS" starttime="20221013 10:51:58.269" endtime="20221013 10:51:58.270"/>
</kw>
<if>
<branch type="IF" condition="$TEST_STATUS == 'FAIL'">
<kw name="Fail Test" library="azure_finder">
<arg>${planId}</arg>
<arg>${suiteId}</arg>
<arg>${test_id}</arg>
<status status="NOT RUN" starttime="20221013 10:51:58.271" endtime="20221013 10:51:58.271"/>
</kw>
<status status="NOT RUN" starttime="20221013 10:51:58.270" endtime="20221013 10:51:58.271"/>
</branch>
<branch type="ELSE">
<kw name="Pass Test" library="azure_finder">
<arg>${planId}</arg>
<arg>${suiteId}</arg>
<arg>${test_id}</arg>
<status status="PASS" starttime="20221013 10:51:58.271" endtime="20221013 10:51:59.491"/>
</kw>
<status status="PASS" starttime="20221013 10:51:58.271" endtime="20221013 10:51:59.491"/>
</branch>
<status status="PASS" starttime="20221013 10:51:58.270" endtime="20221013 10:51:59.491"/>
</if>
<status status="PASS" starttime="20221013 10:51:58.268" endtime="20221013 10:51:59.491"/>
</kw>
<msg timestamp="20221013 10:51:59.491" level="INFO">${test_id} = None</msg>
<status status="PASS" starttime="20221013 10:51:58.265" endtime="20221013 10:51:59.491"/>
</kw>
<status status="PASS" starttime="20221013 10:51:58.062" endtime="20221013 10:51:59.491"/>
</kw>
<status status="PASS" starttime="20221013 10:51:58.059" endtime="20221013 10:51:59.492"/>
</test>
<status status="FAIL" starttime="20221013 10:51:49.946" endtime="20221013 10:51:59.494"/>
</suite>
<statistics>
<total>
<stat pass="4" fail="6" skip="0">All Tests</stat>
</total>
<tag>
</tag>
<suite>
<stat pass="4" fail="6" skip="0" id="s1" name="Teste">Teste</stat>
</suite>
</statistics>
<errors>
</errors>
</robot>
